2018-12-12@13:41:58.811000|000000.008000| - INFO: Creating the modified pcd file
2018-12-12@13:41:58.811000|000000.008000| - WARN: C:\Users\mikeyt\Desktop\ProjectMeta\XGEN_MAIN_FILTERED_PCD\middle0001.pcd  already contains metadata, this is the backup:  C:\Users\mikeyt\Desktop\ProjectMeta\XGEN_MAIN_FILTERED_PCD\backUpPCDz\middle0001.pcd
2018-12-12@13:41:58.811000|000000.008000| - INFO: Creating the modified pcd file
2018-12-12@13:41:58.811000|000000.008000| - WARN: C:\Users\mikeyt\Desktop\ProjectMeta\XGEN_MAIN_FILTERED_PCD\middle0002.pcd  already contains metadata, this is the backup:  C:\Users\mikeyt\Desktop\ProjectMeta\XGEN_MAIN_FILTERED_PCD\backUpPCDz\middle0002.pcd
2018-12-12@13:41:58.811000|000000.008000| - INFO: Creating the modified pcd file
2018-12-12@13:41:58.811000|000000.008000| - WARN: C:\Users\mikeyt\Desktop\ProjectMeta\XGEN_MAIN_FILTERED_PCD\pcld0001.pcd  already contains metadata, this is the backup:  C:\Users\mikeyt\Desktop\ProjectMeta\XGEN_MAIN_FILTERED_PCD\backUpPCDz\pcld0001.pcd
2018-12-12@13:41:58.812000|000000.009000| - INFO: Creating the modified pcd file
2018-12-12@13:41:58.812000|000000.009000| - WARN: C:\Users\mikeyt\Desktop\ProjectMeta\XGEN_MAIN_FILTERED_PCD\pcld0002.pcd  already contains metadata, this is the backup:  C:\Users\mikeyt\Desktop\ProjectMeta\XGEN_MAIN_FILTERED_PCD\backUpPCDz\pcld0002.pcd
2018-12-12@13:41:58.812000|000000.009000| - INFO: Creating the modified pcd file
2018-12-12@13:41:58.812000|000000.009000| - WARN: C:\Users\mikeyt\Desktop\ProjectMeta\XGEN_MAIN_FILTERED_PCD\pcld0003.pcd  already contains metadata, this is the backup:  C:\Users\mikeyt\Desktop\ProjectMeta\XGEN_MAIN_FILTERED_PCD\backUpPCDz\pcld0003.pcd
2018-12-12@13:41:58.812000|000000.009000| - INFO: Creating the modified pcd file
2018-12-12@13:41:58.812000|000000.009000| - WARN: C:\Users\mikeyt\Desktop\ProjectMeta\XGEN_MAIN_FILTERED_PCD\pcld0004.pcd  already contains metadata, this is the backup:  C:\Users\mikeyt\Desktop\ProjectMeta\XGEN_MAIN_FILTERED_PCD\backUpPCDz\pcld0004.pcd
2018-12-12@13:41:58.812000|000000.009000| - INFO: Creating the modified pcd file
2018-12-12@13:41:58.812000|000000.009000| - WARN: C:\Users\mikeyt\Desktop\ProjectMeta\XGEN_MAIN_FILTERED_PCD\pcld0005.pcd  already contains metadata, this is the backup:  C:\Users\mikeyt\Desktop\ProjectMeta\XGEN_MAIN_FILTERED_PCD\backUpPCDz\pcld0005.pcd
2018-12-12@13:41:58.813000|000000.010000| - INFO: Creating the modified pcd file
2018-12-12@13:41:58.813000|000000.010000| - WARN: C:\Users\mikeyt\Desktop\ProjectMeta\XGEN_MAIN_FILTERED_PCD\pcld0006.pcd  already contains metadata, this is the backup:  C:\Users\mikeyt\Desktop\ProjectMeta\XGEN_MAIN_FILTERED_PCD\backUpPCDz\pcld0006.pcd
2018-12-12@13:41:58.813000|000000.010000| - INFO: Creating the modified pcd file
2018-12-12@13:41:58.813000|000000.010000| - WARN: C:\Users\mikeyt\Desktop\ProjectMeta\XGEN_MAIN_FILTERED_PCD\pcld0007.pcd  already contains metadata, this is the backup:  C:\Users\mikeyt\Desktop\ProjectMeta\XGEN_MAIN_FILTERED_PCD\backUpPCDz\pcld0007.pcd
2018-12-12@13:41:58.813000|000000.010000| - INFO: Creating the modified pcd file
2018-12-12@13:41:58.813000|000000.010000| - WARN: C:\Users\mikeyt\Desktop\ProjectMeta\XGEN_MAIN_FILTERED_PCD\pcld0008.pcd  already contains metadata, this is the backup:  C:\Users\mikeyt\Desktop\ProjectMeta\XGEN_MAIN_FILTERED_PCD\backUpPCDz\pcld0008.pcd
2018-12-12@13:41:58.813000|000000.010000| - INFO: Creating the modified pcd file
2018-12-12@13:41:58.813000|000000.010000| - WARN: C:\Users\mikeyt\Desktop\ProjectMeta\XGEN_MAIN_FILTERED_PCD\pcld0011.pcd  already contains metadata, this is the backup:  C:\Users\mikeyt\Desktop\ProjectMeta\XGEN_MAIN_FILTERED_PCD\backUpPCDz\pcld0011.pcd
2018-12-12@13:41:58.813000|000000.010000| - INFO: Creating the modified pcd file
2018-12-12@13:41:58.813000|000000.010000| - WARN: C:\Users\mikeyt\Desktop\ProjectMeta\XGEN_MAIN_FILTERED_PCD\pcld0012.pcd  already contains metadata, this is the backup:  C:\Users\mikeyt\Desktop\ProjectMeta\XGEN_MAIN_FILTERED_PCD\backUpPCDz\pcld0012.pcd
2018-12-12@13:41:58.814000|000000.011000| - INFO: Creating the modified pcd file
2018-12-12@13:41:58.814000|000000.011000| - WARN: C:\Users\mikeyt\Desktop\ProjectMeta\XGEN_MAIN_FILTERED_PCD\pcld0013.pcd  already contains metadata, this is the backup:  C:\Users\mikeyt\Desktop\ProjectMeta\XGEN_MAIN_FILTERED_PCD\backUpPCDz\pcld0013.pcd
2018-12-12@13:41:58.814000|000000.011000| - INFO: Creating the modified pcd file
2018-12-12@13:41:58.814000|000000.011000| - WARN: C:\Users\mikeyt\Desktop\ProjectMeta\XGEN_MAIN_FILTERED_PCD\pcld0014.pcd  already contains metadata, this is the backup:  C:\Users\mikeyt\Desktop\ProjectMeta\XGEN_MAIN_FILTERED_PCD\backUpPCDz\pcld0014.pcd
2018-12-12@13:41:58.814000|000000.011000| - INFO: Creating the modified pcd file
2018-12-12@13:41:58.814000|000000.011000| - WARN: C:\Users\mikeyt\Desktop\ProjectMeta\XGEN_MAIN_FILTERED_PCD\pcld0015.pcd  already contains metadata, this is the backup:  C:\Users\mikeyt\Desktop\ProjectMeta\XGEN_MAIN_FILTERED_PCD\backUpPCDz\pcld0015.pcd
2018-12-12@13:41:58.814000|000000.011000| - INFO: Creating the modified pcd file
2018-12-12@13:41:58.814000|000000.011000| - WARN: C:\Users\mikeyt\Desktop\ProjectMeta\XGEN_MAIN_FILTERED_PCD\pcld0016.pcd  already contains metadata, this is the backup:  C:\Users\mikeyt\Desktop\ProjectMeta\XGEN_MAIN_FILTERED_PCD\backUpPCDz\pcld0016.pcd
2018-12-12@13:41:58.815000|000000.012000| - INFO: Creating the modified pcd file
2018-12-12@13:41:58.815000|000000.012000| - WARN: C:\Users\mikeyt\Desktop\ProjectMeta\XGEN_MAIN_FILTERED_PCD\pcld0030.pcd  already contains metadata, this is the backup:  C:\Users\mikeyt\Desktop\ProjectMeta\XGEN_MAIN_FILTERED_PCD\backUpPCDz\pcld0030.pcd
2018-12-12@13:41:58.815000|000000.012000| - INFO: Creating the modified pcd file
2018-12-12@13:41:58.815000|000000.012000| - WARN: C:\Users\mikeyt\Desktop\ProjectMeta\XGEN_OUTSIDE_FILTERED_PCD\pcld0017.pcd  already contains metadata, this is the backup:  C:\Users\mikeyt\Desktop\ProjectMeta\XGEN_OUTSIDE_FILTERED_PCD\backUpPCDz\pcld0017.pcd
2018-12-12@13:41:58.815000|000000.012000| - INFO: Creating the modified pcd file
2018-12-12@13:41:58.815000|000000.012000| - WARN: C:\Users\mikeyt\Desktop\ProjectMeta\XGEN_OUTSIDE_FILTERED_PCD\pcld0018.pcd  already contains metadata, this is the backup:  C:\Users\mikeyt\Desktop\ProjectMeta\XGEN_OUTSIDE_FILTERED_PCD\backUpPCDz\pcld0018.pcd
2018-12-12@13:41:58.815000|000000.012000| - INFO: Creating the modified pcd file
2018-12-12@13:41:58.815000|000000.012000| - WARN: C:\Users\mikeyt\Desktop\ProjectMeta\XGEN_OUTSIDE_FILTERED_PCD\pcld0019.pcd  already contains metadata, this is the backup:  C:\Users\mikeyt\Desktop\ProjectMeta\XGEN_OUTSIDE_FILTERED_PCD\backUpPCDz\pcld0019.pcd
2018-12-12@13:41:58.816000|000000.013000| - INFO: Creating the modified pcd file
2018-12-12@13:41:58.816000|000000.013000| - WARN: C:\Users\mikeyt\Desktop\ProjectMeta\XGEN_OUTSIDE_FILTERED_PCD\pcld0020.pcd  already contains metadata, this is the backup:  C:\Users\mikeyt\Desktop\ProjectMeta\XGEN_OUTSIDE_FILTERED_PCD\backUpPCDz\pcld0020.pcd
2018-12-12@13:41:58.816000|000000.013000| - INFO: Creating the modified pcd file
2018-12-12@13:41:58.816000|000000.013000| - WARN: C:\Users\mikeyt\Desktop\ProjectMeta\XGEN_OUTSIDE_FILTERED_PCD\pcld0021.pcd  already contains metadata, this is the backup:  C:\Users\mikeyt\Desktop\ProjectMeta\XGEN_OUTSIDE_FILTERED_PCD\backUpPCDz\pcld0021.pcd
2018-12-12@13:41:58.816000|000000.013000| - INFO: Creating the modified pcd file
2018-12-12@13:41:58.816000|000000.013000| - WARN: C:\Users\mikeyt\Desktop\ProjectMeta\XGEN_OUTSIDE_FILTERED_PCD\pcld0022.pcd  already contains metadata, this is the backup:  C:\Users\mikeyt\Desktop\ProjectMeta\XGEN_OUTSIDE_FILTERED_PCD\backUpPCDz\pcld0022.pcd
2018-12-12@13:41:58.816000|000000.013000| - INFO: Creating the modified pcd file
2018-12-12@13:41:58.816000|000000.013000| - WARN: C:\Users\mikeyt\Desktop\ProjectMeta\XGEN_OUTSIDE_FILTERED_PCD\pcld0023.pcd  already contains metadata, this is the backup:  C:\Users\mikeyt\Desktop\ProjectMeta\XGEN_OUTSIDE_FILTERED_PCD\backUpPCDz\pcld0023.pcd
2018-12-12@13:41:58.816000|000000.013000| - INFO: Creating the modified pcd file
2018-12-12@13:41:58.816000|000000.013000| - WARN: C:\Users\mikeyt\Desktop\ProjectMeta\XGEN_OUTSIDE_FILTERED_PCD\pcld0024.pcd  already contains metadata, this is the backup:  C:\Users\mikeyt\Desktop\ProjectMeta\XGEN_OUTSIDE_FILTERED_PCD\backUpPCDz\pcld0024.pcd
2018-12-12@13:41:58.817000|000000.014000| - INFO: Creating the modified pcd file
2018-12-12@13:41:58.817000|000000.014000| - WARN: C:\Users\mikeyt\Desktop\ProjectMeta\XGEN_OUTSIDE_FILTERED_PCD\pcld0025.pcd  already contains metadata, this is the backup:  C:\Users\mikeyt\Desktop\ProjectMeta\XGEN_OUTSIDE_FILTERED_PCD\backUpPCDz\pcld0025.pcd
2018-12-12@13:41:58.817000|000000.014000| - INFO: Creating the modified pcd file
2018-12-12@13:41:58.817000|000000.014000| - WARN: C:\Users\mikeyt\Desktop\ProjectMeta\XGEN_OUTSIDE_FILTERED_PCD\pcld0026.pcd  already contains metadata, this is the backup:  C:\Users\mikeyt\Desktop\ProjectMeta\XGEN_OUTSIDE_FILTERED_PCD\backUpPCDz\pcld0026.pcd
2018-12-12@13:41:58.817000|000000.014000| - INFO: Creating the modified pcd file
2018-12-12@13:41:58.817000|000000.014000| - WARN: C:\Users\mikeyt\Desktop\ProjectMeta\XGEN_OUTSIDE_FILTERED_PCD\pcld0027.pcd  already contains metadata, this is the backup:  C:\Users\mikeyt\Desktop\ProjectMeta\XGEN_OUTSIDE_FILTERED_PCD\backUpPCDz\pcld0027.pcd
2018-12-12@13:41:58.817000|000000.014000| - INFO: Creating the modified pcd file
2018-12-12@13:41:58.817000|000000.014000| - WARN: C:\Users\mikeyt\Desktop\ProjectMeta\XGEN_OUTSIDE_FILTERED_PCD\pcld0028.pcd  already contains metadata, this is the backup:  C:\Users\mikeyt\Desktop\ProjectMeta\XGEN_OUTSIDE_FILTERED_PCD\backUpPCDz\pcld0028.pcd
2018-12-12@13:41:58.818000|000000.015000| - INFO: Creating the modified pcd file
2018-12-12@13:41:58.818000|000000.015000| - WARN: C:\Users\mikeyt\Desktop\ProjectMeta\XGEN_SKY_CAM_FILTERED_PCD\pcld0035.pcd  already contains metadata, this is the backup:  C:\Users\mikeyt\Desktop\ProjectMeta\XGEN_SKY_CAM_FILTERED_PCD\backUpPCDz\pcld0035.pcd
2018-12-12@13:41:58.818000|000000.015000| - INFO: Creating the modified pcd file
2018-12-12@13:41:58.818000|000000.015000| - WARN: C:\Users\mikeyt\Desktop\ProjectMeta\XGEN_SKY_CAM_FILTERED_PCD\pcld0036.pcd  already contains metadata, this is the backup:  C:\Users\mikeyt\Desktop\ProjectMeta\XGEN_SKY_CAM_FILTERED_PCD\backUpPCDz\pcld0036.pcd
